<?xml version="1.0" encoding="UTF-8"?>
<!-- Generated by org.testng.reporters.JUnitXMLReporter -->
<testsuite hostname="JSOALAN00291" ignored="0" name="Login Test1" tests="1" failures="1" timestamp="14 Nov 2023 19:47:07 GMT" time="16.172" errors="0">
  <testcase name="HomeSetup" time="16.157" classname="testCases.HomePage">
    <failure type="java.lang.NullPointerException">
      <![CDATA[java.lang.NullPointerException
at pages.Home.ClickOnMyAccount(Home.java:37)
at testCases.HomePage.HomeSetup(HomePage.java:33)
... Removed 25 stack frames]]>
    </failure>
  </testcase> <!-- HomeSetup -->
</testsuite> <!-- Login Test1 -->
